<?xml version="1.0" encoding="UTF-8"?>
<testsuite name="com.example.clouddemo.CloudDemoApplicationTests" tests="4" skipped="0" failures="0" errors="0" timestamp="2021-10-31T07:22:50" hostname="kubernetes-HP-Pavilion-x360-Convertible" time="0.486">
  <properties/>
  <testcase name="getsAllRides()" classname="com.example.clouddemo.CloudDemoApplicationTests" time="0.348"/>
  <testcase name="getsSingleRide()" classname="com.example.clouddemo.CloudDemoApplicationTests" time="0.028"/>
  <testcase name="returnsNotFoundForInvalidSingleRide()" classname="com.example.clouddemo.CloudDemoApplicationTests" time="0.012"/>
  <testcase name="addsNewRide()" classname="com.example.clouddemo.CloudDemoApplicationTests" time="0.094"/>
  <system-out><![CDATA[12:52:43.175 [Test worker] DEBUG org.springframework.test.context.BootstrapUtils - Instantiating CacheAwareContextLoaderDelegate from class [org.springframework.test.context.cache.DefaultCacheAwareContextLoaderDelegate]
12:52:43.188 [Test worker] DEBUG org.springframework.test.context.BootstrapUtils - Instantiating BootstrapContext using constructor [public org.springframework.test.context.support.DefaultBootstrapContext(java.lang.Class,org.springframework.test.context.CacheAwareContextLoaderDelegate)]
12:52:43.249 [Test worker] DEBUG org.springframework.test.context.BootstrapUtils - Instantiating TestContextBootstrapper for test class [com.example.clouddemo.CloudDemoApplicationTests] from class [org.springframework.boot.test.context.SpringBootTestContextBootstrapper]
12:52:43.261 [Test worker] INFO org.springframework.boot.test.context.SpringBootTestContextBootstrapper - Neither @ContextConfiguration nor @ContextHierarchy found for test class [com.example.clouddemo.CloudDemoApplicationTests], using SpringBootContextLoader
12:52:43.267 [Test worker] DEBUG org.springframework.test.context.support.AbstractContextLoader - Did not detect default resource location for test class [com.example.clouddemo.CloudDemoApplicationTests]: class path resource [com/example/clouddemo/CloudDemoApplicationTests-context.xml] does not exist
12:52:43.268 [Test worker] DEBUG org.springframework.test.context.support.AbstractContextLoader - Did not detect default resource location for test class [com.example.clouddemo.CloudDemoApplicationTests]: class path resource [com/example/clouddemo/CloudDemoApplicationTestsContext.groovy] does not exist
12:52:43.269 [Test worker] INFO org.springframework.test.context.support.AbstractContextLoader - Could not detect default resource locations for test class [com.example.clouddemo.CloudDemoApplicationTests]: no resource found for suffixes {-context.xml, Context.groovy}.
12:52:43.270 [Test worker] INFO org.springframework.test.context.support.AnnotationConfigContextLoaderUtils - Could not detect default configuration classes for test class [com.example.clouddemo.CloudDemoApplicationTests]: CloudDemoApplicationTests does not declare any static, non-private, non-final, nested classes annotated with @Configuration.
12:52:43.343 [Test worker] DEBUG org.springframework.test.context.support.ActiveProfilesUtils - Could not find an 'annotation declaring class' for annotation type [org.springframework.test.context.ActiveProfiles] and class [com.example.clouddemo.CloudDemoApplicationTests]
12:52:43.409 [Test worker] DEBUG org.springframework.context.annotation.ClassPathScanningCandidateComponentProvider - Identified candidate component class: file [/home/kubernetes/Downloads/cloud-demo/build/classes/java/main/com/example/clouddemo/CloudDemoApplication.class]
12:52:43.410 [Test worker] INFO org.springframework.boot.test.context.SpringBootTestContextBootstrapper - Found @SpringBootConfiguration com.example.clouddemo.CloudDemoApplication for test class com.example.clouddemo.CloudDemoApplicationTests
12:52:43.517 [Test worker] DEBUG org.springframework.boot.test.context.SpringBootTestContextBootstrapper - @TestExecutionListeners is not present for class [com.example.clouddemo.CloudDemoApplicationTests]: using defaults.
12:52:43.518 [Test worker] INFO org.springframework.boot.test.context.SpringBootTestContextBootstrapper - Loaded default TestExecutionListener class names from location [META-INF/spring.factories]: [org.springframework.boot.test.autoconfigure.restdocs.RestDocsTestExecutionListener, org.springframework.boot.test.autoconfigure.web.client.MockRestServiceServerResetTestExecutionListener, org.springframework.boot.test.autoconfigure.web.servlet.MockMvcPrintOnlyOnFailureTestExecutionListener, org.springframework.boot.test.autoconfigure.web.servlet.WebDriverTestExecutionListener, org.springframework.boot.test.autoconfigure.webservices.client.MockWebServiceServerTestExecutionListener, org.springframework.boot.test.mock.mockito.MockitoTestExecutionListener, org.springframework.boot.test.mock.mockito.ResetMocksTestExecutionListener, org.springframework.test.context.web.ServletTestExecutionListener, org.springframework.test.context.support.DirtiesContextBeforeModesTestExecutionListener, org.springframework.test.context.event.ApplicationEventsTestExecutionListener, org.springframework.test.context.support.DependencyInjectionTestExecutionListener, org.springframework.test.context.support.DirtiesContextTestExecutionListener, org.springframework.test.context.transaction.TransactionalTestExecutionListener, org.springframework.test.context.jdbc.SqlScriptsTestExecutionListener, org.springframework.test.context.event.EventPublishingTestExecutionListener]
12:52:43.536 [Test worker] INFO org.springframework.boot.test.context.SpringBootTestContextBootstrapper - Using TestExecutionListeners: [org.springframework.test.context.web.ServletTestExecutionListener@56c9bbd8, org.springframework.test.context.support.DirtiesContextBeforeModesTestExecutionListener@630cb4a4, org.springframework.test.context.event.ApplicationEventsTestExecutionListener@636e8cc, org.springframework.boot.test.mock.mockito.MockitoTestExecutionListener@f79a760, org.springframework.boot.test.autoconfigure.SpringBootDependencyInjectionTestExecutionListener@14f5da2c, org.springframework.test.context.support.DirtiesContextTestExecutionListener@12dae582, org.springframework.test.context.transaction.TransactionalTestExecutionListener@239b0f9d, org.springframework.test.context.jdbc.SqlScriptsTestExecutionListener@619bfe29, org.springframework.test.context.event.EventPublishingTestExecutionListener@5b057c8c, org.springframework.boot.test.autoconfigure.restdocs.RestDocsTestExecutionListener@1eb6749b, org.springframework.boot.test.autoconfigure.web.client.MockRestServiceServerResetTestExecutionListener@652a7737, org.springframework.boot.test.autoconfigure.web.servlet.MockMvcPrintOnlyOnFailureTestExecutionListener@5b7ea70d, org.springframework.boot.test.autoconfigure.web.servlet.WebDriverTestExecutionListener@2bef51f2, org.springframework.boot.test.autoconfigure.webservices.client.MockWebServiceServerTestExecutionListener@650eab8, org.springframework.boot.test.mock.mockito.ResetMocksTestExecutionListener@30f5a68a]
12:52:43.541 [Test worker] DEBUG org.springframework.test.context.support.AbstractDirtiesContextTestExecutionListener - Before test class: context [DefaultTestContext@5b04476e testClass = CloudDemoApplicationTests, testInstance = [null], testMethod = [null], testException = [null], mergedContextConfiguration = [WebMergedContextConfiguration@5ad10c1a testClass = CloudDemoApplicationTests, locations = '{}', classes = '{class com.example.clouddemo.CloudDemoApplication}', contextInitializerClasses = '[]', activeProfiles = '{}', propertySourceLocations = '{}', propertySourceProperties = '{org.springframework.boot.test.context.SpringBootTestContextBootstrapper=true}', contextCustomizers = set[org.springframework.boot.test.autoconfigure.actuate.metrics.MetricsExportContextCustomizerFactory$DisableMetricExportContextCustomizer@7d446ed1, org.springframework.boot.test.autoconfigure.properties.PropertyMappingContextCustomizer@4b3fa0b3, org.springframework.boot.test.autoconfigure.web.servlet.WebDriverContextCustomizerFactory$Customizer@68702e03, [ImportsContextCustomizer@6bb75258 key = [org.springframework.boot.test.autoconfigure.web.servlet.MockMvcAutoConfiguration, org.springframework.boot.test.autoconfigure.web.servlet.MockMvcWebClientAutoConfiguration, org.springframework.boot.test.autoconfigure.web.servlet.MockMvcWebDriverAutoConfiguration, org.springframework.boot.autoconfigure.security.oauth2.client.servlet.OAuth2ClientAutoConfiguration, org.springframework.boot.autoconfigure.security.oauth2.resource.servlet.OAuth2ResourceServerAutoConfiguration, org.springframework.boot.autoconfigure.security.servlet.SecurityAutoConfiguration, org.springframework.boot.autoconfigure.security.servlet.SecurityFilterAutoConfiguration, org.springframework.boot.autoconfigure.security.servlet.UserDetailsServiceAutoConfiguration, org.springframework.boot.test.autoconfigure.web.servlet.MockMvcSecurityConfiguration]], org.springframework.boot.test.context.filter.ExcludeFilterContextCustomizer@3abada5a, org.springframework.boot.test.json.DuplicateJsonObjectContextCustomizerFactory$DuplicateJsonObjectContextCustomizer@c9d0d6, org.springframework.boot.test.mock.mockito.MockitoContextCustomizer@0, org.springframework.boot.test.web.client.TestRestTemplateContextCustomizer@673be18f, org.springframework.boot.test.context.SpringBootTestArgs@1, org.springframework.boot.test.context.SpringBootTestWebEnvironment@6a2b953e], resourceBasePath = 'src/main/webapp', contextLoader = 'org.springframework.boot.test.context.SpringBootContextLoader', parent = [null]], attributes = map['org.springframework.test.context.web.ServletTestExecutionListener.activateListener' -> true]], class annotated with @DirtiesContext [false] with mode [null].
12:52:43.586 [Test worker] DEBUG org.springframework.test.context.support.TestPropertySourceUtils - Adding inlined properties to environment: {spring.jmx.enabled=false, org.springframework.boot.test.context.SpringBootTestContextBootstrapper=true}

  .   ____          _            __ _ _
 /\\ / ___'_ __ _ _(_)_ __  __ _ \ \ \ \
( ( )\___ | '_ | '_| | '_ \/ _` | \ \ \ \
 \\/  ___)| |_)| | | | | || (_| |  ) ) ) )
  '  |____| .__|_| |_|_| |_\__, | / / / /
 =========|_|==============|___/=/_/_/_/
 :: Spring Boot ::                (v2.5.6)

2021-10-31 12:52:43.984  INFO 8219 --- [    Test worker] c.e.clouddemo.CloudDemoApplicationTests  : Starting CloudDemoApplicationTests using Java 11.0.11 on kubernetes-HP-Pavilion-x360-Convertible with PID 8219 (started by kubernetes in /home/kubernetes/Downloads/cloud-demo)
2021-10-31 12:52:43.989  INFO 8219 --- [    Test worker] c.e.clouddemo.CloudDemoApplicationTests  : No active profile set, falling back to default profiles: default
2021-10-31 12:52:45.562  INFO 8219 --- [    Test worker] .s.d.r.c.RepositoryConfigurationDelegate : Bootstrapping Spring Data JPA repositories in DEFAULT mode.
2021-10-31 12:52:45.630  INFO 8219 --- [    Test worker] .s.d.r.c.RepositoryConfigurationDelegate : Finished Spring Data repository scanning in 53 ms. Found 1 JPA repository interfaces.
2021-10-31 12:52:46.442  INFO 8219 --- [    Test worker] com.zaxxer.hikari.HikariDataSource       : HikariPool-1 - Starting...
2021-10-31 12:52:46.728  INFO 8219 --- [    Test worker] com.zaxxer.hikari.HikariDataSource       : HikariPool-1 - Start completed.
2021-10-31 12:52:46.824  INFO 8219 --- [    Test worker] o.hibernate.jpa.internal.util.LogHelper  : HHH000204: Processing PersistenceUnitInfo [name: default]
2021-10-31 12:52:46.890  INFO 8219 --- [    Test worker] org.hibernate.Version                    : HHH000412: Hibernate ORM core version 5.4.32.Final
2021-10-31 12:52:47.044  INFO 8219 --- [    Test worker] o.hibernate.annotations.common.Version   : HCANN000001: Hibernate Commons Annotations {5.1.2.Final}
2021-10-31 12:52:47.183  INFO 8219 --- [    Test worker] org.hibernate.dialect.Dialect            : HHH000400: Using dialect: org.hibernate.dialect.H2Dialect
2021-10-31 12:52:47.943  INFO 8219 --- [    Test worker] o.h.e.t.j.p.i.JtaPlatformInitiator       : HHH000490: Using JtaPlatform implementation: [org.hibernate.engine.transaction.jta.platform.internal.NoJtaPlatform]
2021-10-31 12:52:47.956  INFO 8219 --- [    Test worker] j.LocalContainerEntityManagerFactoryBean : Initialized JPA EntityManagerFactory for persistence unit 'default'
2021-10-31 12:52:48.864  WARN 8219 --- [    Test worker] JpaBaseConfiguration$JpaWebConfiguration : spring.jpa.open-in-view is enabled by default. Therefore, database queries may be performed during view rendering. Explicitly configure spring.jpa.open-in-view to disable this warning
2021-10-31 12:52:50.019  INFO 8219 --- [    Test worker] o.s.b.t.m.w.SpringBootMockServletContext : Initializing Spring TestDispatcherServlet ''
2021-10-31 12:52:50.019  INFO 8219 --- [    Test worker] o.s.t.web.servlet.TestDispatcherServlet  : Initializing Servlet ''
2021-10-31 12:52:50.031  INFO 8219 --- [    Test worker] o.s.b.a.e.web.EndpointLinksResolver      : Exposing 1 endpoint(s) beneath base path '/actuator'
2021-10-31 12:52:50.059  INFO 8219 --- [    Test worker] o.s.t.web.servlet.TestDispatcherServlet  : Completed initialization in 39 ms
2021-10-31 12:52:50.107  INFO 8219 --- [    Test worker] c.e.clouddemo.CloudDemoApplicationTests  : Started CloudDemoApplicationTests in 6.511 seconds (JVM running for 7.966)
]]></system-out>
  <system-err><![CDATA[]]></system-err>
</testsuite>
